TN:
SF:src/authentication.js
FN:4,(anonymous_0)
FN:5,(anonymous_1)
FN:12,authentication
FNF:3
FNH:3
FNDA:3,(anonymous_0)
FNDA:3,(anonymous_1)
FNDA:3,authentication
DA:1,1
DA:3,1
DA:5,3
DA:6,3
DA:13,3
DA:15,3
DA:17,2
DA:18,2
DA:20,1
LF:9
LH:9
BRDA:15,0,0,1
BRDA:15,0,1,2
BRDA:18,1,0,1
BRDA:18,1,1,1
BRF:4
BRH:4
end_of_record
TN:
SF:src/policies/isGranted.js
FN:1,isGranted
FN:4,(anonymous_1)
FN:11,isActionGranted
FN:12,(anonymous_3)
FNF:4
FNH:4
FNDA:5,isGranted
FNDA:6,(anonymous_1)
FNDA:3,isActionGranted
FNDA:3,(anonymous_3)
DA:1,1
DA:2,5
DA:4,4
DA:5,6
DA:7,3
DA:12,3
DA:13,3
DA:14,2
DA:16,1
LF:9
LH:9
BRDA:2,0,0,1
BRDA:2,0,1,4
BRDA:5,1,0,3
BRDA:5,1,1,3
BRDA:13,2,0,1
BRDA:13,2,1,2
BRDA:14,3,0,1
BRDA:14,3,1,1
BRF:8
BRH:8
end_of_record
